# JRE version: OpenJDK Runtime Environment (21.0.4) (build 21.0.4+-12508038-b607.1)
# Java VM: OpenJDK 64-Bit Server VM (21.0.4+-12508038-b607.1, mixed mode, tiered, compressed oops, compressed class ptrs, g1 gc, windows-amd64)
GC Precious Log:
 CardTable entry size: 512
 Card Set container configuration: InlinePtr #cards 5 size 8 Array Of Cards #cards 12 size 40 Howl #buckets 4 coarsen threshold 1843 Howl Bitmap #cards 512 size 80 coarsen threshold 460 Card regions per heap region 1 cards per card region 2048
 CPUs: 8 total, 8 available
 Memory: 16179M
 Large Page Support: Disabled
 NUMA Support: Disabled
 Compressed Oops: Enabled (32-bit)
 Heap Region Size: 1M
 Heap Min Capacity: 8M
 Heap Initial Capacity: 254M
 Heap Max Capacity: 2G
 Pre-touch: Disabled
 Parallel Workers: 8
 Concurrent Workers: 2
 Concurrent Refinement Workers: 8
 Periodic GC: Disabled
Heap:
 garbage-first heap   total 150528K, used 83406K [0x0000000080000000, 0x0000000100000000)
  region size 1024K, 7 young (7168K), 5 survivors (5120K)
 Metaspace       used 97061K, committed 99136K, reserved 1179648K
  class space    used 13226K, committed 14272K, reserved 1048576K
GC Heap History (20 events):
Event: 6.872 GC heap before
{Heap before GC invocations=22 (full 0):
 garbage-first heap   total 91136K, used 65588K [0x0000000080000000, 0x0000000100000000)
  region size 1024K, 18 young (18432K), 4 survivors (4096K)
 Metaspace       used 73292K, committed 74944K, reserved 1114112K
  class space    used 9895K, committed 10688K, reserved 1048576K
}
Event: 6.875 GC heap after
{Heap after GC invocations=23 (full 0):
 garbage-first heap   total 109568K, used 54271K [0x0000000080000000, 0x0000000100000000)
  region size 1024K, 3 young (3072K), 3 survivors (3072K)
 Metaspace       used 73292K, committed 74944K, reserved 1114112K
  class space    used 9895K, committed 10688K, reserved 1048576K
}
Event: 6.879 GC heap before
{Heap before GC invocations=23 (full 0):
 garbage-first heap   total 109568K, used 55295K [0x0000000080000000, 0x0000000100000000)
  region size 1024K, 4 young (4096K), 3 survivors (3072K)
 Metaspace       used 73294K, committed 74944K, reserved 1114112K
  class space    used 9895K, committed 10688K, reserved 1048576K
}
Event: 6.881 GC heap after
{Heap after GC invocations=24 (full 0):
 garbage-first heap   total 109568K, used 55221K [0x0000000080000000, 0x0000000100000000)
  region size 1024K, 2 young (2048K), 2 survivors (2048K)
 Metaspace       used 73294K, committed 74944K, reserved 1114112K
  class space    used 9895K, committed 10688K, reserved 1048576K
}
Event: 7.283 GC heap before
{Heap before GC invocations=25 (full 0):
 garbage-first heap   total 109568K, used 102325K [0x0000000080000000, 0x0000000100000000)
  region size 1024K, 43 young (44032K), 2 survivors (2048K)
 Metaspace       used 76231K, committed 77952K, reserved 1179648K
  class space    used 10286K, committed 11136K, reserved 1048576K
}
Event: 7.286 GC heap after
{Heap after GC invocations=26 (full 0):
 garbage-first heap   total 111616K, used 66406K [0x0000000080000000, 0x0000000100000000)
  region size 1024K, 6 young (6144K), 6 survivors (6144K)
 Metaspace       used 76231K, committed 77952K, reserved 1179648K
  class space    used 10286K, committed 11136K, reserved 1048576K
}
Event: 7.553 GC heap before
{Heap before GC invocations=26 (full 0):
 garbage-first heap   total 111616K, used 98150K [0x0000000080000000, 0x0000000100000000)
  region size 1024K, 38 young (38912K), 6 survivors (6144K)
 Metaspace       used 79735K, committed 81472K, reserved 1179648K
  class space    used 10659K, committed 11520K, reserved 1048576K
}
Event: 7.556 GC heap after
{Heap after GC invocations=27 (full 0):
 garbage-first heap   total 111616K, used 66684K [0x0000000080000000, 0x0000000100000000)
  region size 1024K, 1 young (1024K), 1 survivors (1024K)
 Metaspace       used 79735K, committed 81472K, reserved 1179648K
  class space    used 10659K, committed 11520K, reserved 1048576K
}
Event: 7.793 GC heap before
{Heap before GC invocations=27 (full 0):
 garbage-first heap   total 111616K, used 95356K [0x0000000080000000, 0x0000000100000000)
  region size 1024K, 31 young (31744K), 1 survivors (1024K)
 Metaspace       used 82544K, committed 84416K, reserved 1179648K
  class space    used 11107K, committed 12032K, reserved 1048576K
}
Event: 7.795 GC heap after
{Heap after GC invocations=28 (full 0):
 garbage-first heap   total 111616K, used 69116K [0x0000000080000000, 0x0000000100000000)
  region size 1024K, 4 young (4096K), 4 survivors (4096K)
 Metaspace       used 82544K, committed 84416K, reserved 1179648K
  class space    used 11107K, committed 12032K, reserved 1048576K
}
Event: 8.010 GC heap before
{Heap before GC invocations=29 (full 0):
 garbage-first heap   total 124928K, used 102908K [0x0000000080000000, 0x0000000100000000)
  region size 1024K, 33 young (33792K), 4 survivors (4096K)
 Metaspace       used 84006K, committed 85824K, reserved 1179648K
  class space    used 11308K, committed 12224K, reserved 1048576K
}
Event: 8.014 GC heap after
{Heap after GC invocations=30 (full 0):
 garbage-first heap   total 124928K, used 72818K [0x0000000080000000, 0x0000000100000000)
  region size 1024K, 5 young (5120K), 5 survivors (5120K)
 Metaspace       used 84006K, committed 85824K, reserved 1179648K
  class space    used 11308K, committed 12224K, reserved 1048576K
}
Event: 8.323 GC heap before
{Heap before GC invocations=30 (full 0):
 garbage-first heap   total 124928K, used 108658K [0x0000000080000000, 0x0000000100000000)
  region size 1024K, 40 young (40960K), 5 survivors (5120K)
 Metaspace       used 86649K, committed 88512K, reserved 1179648K
  class space    used 11650K, committed 12608K, reserved 1048576K
}
Event: 8.328 GC heap after
{Heap after GC invocations=31 (full 0):
 garbage-first heap   total 124928K, used 74679K [0x0000000080000000, 0x0000000100000000)
  region size 1024K, 3 young (3072K), 3 survivors (3072K)
 Metaspace       used 86649K, committed 88512K, reserved 1179648K
  class space    used 11650K, committed 12608K, reserved 1048576K
}
Event: 8.601 GC heap before
{Heap before GC invocations=31 (full 0):
 garbage-first heap   total 124928K, used 110519K [0x0000000080000000, 0x0000000100000000)
  region size 1024K, 38 young (38912K), 3 survivors (3072K)
 Metaspace       used 88812K, committed 90688K, reserved 1179648K
  class space    used 11917K, committed 12864K, reserved 1048576K
}
Event: 8.604 GC heap after
{Heap after GC invocations=32 (full 0):
 garbage-first heap   total 150528K, used 78360K [0x0000000080000000, 0x0000000100000000)
  region size 1024K, 5 young (5120K), 5 survivors (5120K)
 Metaspace       used 88812K, committed 90688K, reserved 1179648K
  class space    used 11917K, committed 12864K, reserved 1048576K
}
Event: 9.040 GC heap before
{Heap before GC invocations=33 (full 0):
 garbage-first heap   total 150528K, used 128536K [0x0000000080000000, 0x0000000100000000)
  region size 1024K, 53 young (54272K), 5 survivors (5120K)
 Metaspace       used 92607K, committed 94528K, reserved 1179648K
  class space    used 12532K, committed 13504K, reserved 1048576K
}
Event: 9.043 GC heap after
{Heap after GC invocations=34 (full 0):
 garbage-first heap   total 150528K, used 80339K [0x0000000080000000, 0x0000000100000000)
  region size 1024K, 5 young (5120K), 5 survivors (5120K)
 Metaspace       used 92607K, committed 94528K, reserved 1179648K
  class space    used 12532K, committed 13504K, reserved 1048576K
}
Event: 9.440 GC heap before
{Heap before GC invocations=34 (full 0):
 garbage-first heap   total 150528K, used 132563K [0x0000000080000000, 0x0000000100000000)
  region size 1024K, 56 young (57344K), 5 survivors (5120K)
 Metaspace       used 96747K, committed 98752K, reserved 1179648K
  class space    used 13190K, committed 14208K, reserved 1048576K
}
Event: 9.445 GC heap after
{Heap after GC invocations=35 (full 0):
 garbage-first heap   total 150528K, used 82382K [0x0000000080000000, 0x0000000100000000)
  region size 1024K, 5 young (5120K), 5 survivors (5120K)
 Metaspace       used 96747K, committed 98752K, reserved 1179648K
  class space    used 13190K, committed 14208K, reserved 1048576K
}

